Arguments: 
  /home/jeereq/.nvm/versions/node/v16.13.0/bin/node /usr/local/bin/yarn install

PATH: 
  /home/jeereq/.nvm/versions/node/v16.13.0/bin:/usr/local/sbin:/usr/local/bin:/usr/sbin:/usr/bin:/sbin:/bin:/usr/games:/usr/local/games:/snap/bin:/home/jeereq/Android/Sdk/emulator:/home/jeereq/Android/Sdk/tools:/home/jeereq/Android/Sdk/tools/bin:/home/jeereq/Android/Sdk/platform-toolseval:/home/jeereq/Android/Sdk/emulator:/home/jeereq/Android/Sdk/tools:/home/jeereq/Android/Sdk/tools/bin:/home/jeereq/Android/Sdk/platform-tools

Yarn version: 
  1.22.17

Node version: 
  16.13.0

Platform: 
  linux x64

Trace: 
  Error: connect ENETUNREACH 2606:4700::6810:1b23:443 - Local (:::0)
      at internalConnect (node:net:931:16)
      at defaultTriggerAsyncIdScope (node:internal/async_hooks:454:18)
      at emitLookup (node:net:1075:9)
      at /usr/local/lib/node_modules/yarn/lib/cli.js:107677:29
      at /usr/local/lib/node_modules/yarn/lib/cli.js:107523:25
      at RawTask.module.exports.RawTask.call (/usr/local/lib/node_modules/yarn/lib/cli.js:83655:19)
      at flush (/usr/local/lib/node_modules/yarn/lib/cli.js:83737:29)
      at processTicksAndRejections (node:internal/process/task_queues:78:11)

npm manifest: 
  {
      "title": "Freelancer",
      "name": "startbootstrap-freelancer",
      "version": "7.0.6",
      "scripts": {
          "build": "npm run clean && npm run build:pug && npm run build:scss && npm run build:scripts && npm run build:assets",
          "build:assets": "node scripts/build-assets.js",
          "build:pug": "node scripts/build-pug.js",
          "build:scripts": "node scripts/build-scripts.js",
          "build:scss": "node scripts/build-scss.js",
          "clean": "node scripts/clean.js",
          "start": "npm run build && node scripts/start.js",
          "start:debug": "npm run build && node scripts/start-debug.js"
      },
      "description": "A freelancer portfolio HTML theme for Bootstrap.",
      "keywords": [
          "css",
          "sass",
          "scss",
          "html",
          "pug",
          "responsive",
          "theme",
          "template"
      ],
      "homepage": "https://startbootstrap.com/theme/freelancer",
      "bugs": {
          "url": "https://github.com/StartBootstrap/startbootstrap-freelancer/issues",
          "email": "feedback@startbootstrap.com"
      },
      "license": "MIT",
      "author": "Start Bootstrap",
      "contributors": [
          "David Miller (https://davidmiller.io/)"
      ],
      "repository": {
          "type": "git",
          "url": "https://github.com/StartBootstrap/startbootstrap-freelancer.git"
      },
      "dependencies": {
          "bootstrap": "5.1.3"
      },
      "devDependencies": {
          "autoprefixer": "10.4.4",
          "browser-sync": "2.27.9",
          "chokidar": "3.5.3",
          "concurrently": "6.3.0",
          "postcss": "8.4.12",
          "prettier": "2.6.0",
          "pug": "3.0.2",
          "sass": "1.49.9",
          "shelljs": "0.8.5",
          "upath": "2.0.1"
      }
  }

yarn manifest: 
  No manifest

Lockfile: 
  No lockfile
